<?xml version="1.0" encoding="UTF-8"?>
<!-- Generated by org.testng.reporters.JUnitXMLReporter -->
<testsuite hostname="DESKTOP-2777U6R" ignored="0" name="Test" tests="4" failures="0" timestamp="2021-12-07T18:41:51 IST" time="89.288" errors="0">
  <testcase name="basePageNav" time="14.515" classname="E2EProject.DemoE2E.HomePage"/>
  <testcase name="basePageNav" time="4.548" classname="E2EProject.DemoE2E.HomePage"/>
  <testcase name="Titlevalidate" time="0.282" classname="E2EProject.DemoE2E.ValidateNavBar"/>
  <testcase name="Titlevalidate" time="0.264" classname="E2EProject.DemoE2E.ValidteTitle"/>
</testsuite> <!-- Test -->
