<?xml version="1.0" encoding="UTF-8"?>
<testsuite xmlns:xsi="http://www.w3.org/2001/XMLSchema-instance" xsi:noNamespaceSchemaLocation="https://maven.apache.org/surefire/maven-surefire-plugin/xsd/surefire-test-report-3.0.xsd" version="3.0" name="TestSuite" time="105.907" tests="4" errors="0" skipped="0" failures="0">
  <properties>
[...]
</properties>
  <testcase name="Titlevalidate" classname="E2EProject.DemoE2E.ValidteTitle" time="1.029">
    <system-out><![CDATA[firefox
firefox
firefox
]]></system-out>
    <system-err><![CDATA[SLF4J: Failed to load class "org.slf4j.impl.StaticLoggerBinder".
SLF4J: Defaulting to no-operation (NOP) logger implementation
SLF4J: See http://www.slf4j.org/codes.html#StaticLoggerBinder for further details.
1639634166740	geckodriver	INFO	Listening on 127.0.0.1:63803
11663399663344116666883300		ggeecckkooddrriiverv	eIrNF	OI	NLFisOt	eLniings otne 1n2i7n.0g. 0o.1n: 51762577.
0.0.1:57899
1639634168905	mozrunner::runner	INFO	Running command: "C:\\Program Files (x86)\\Mozilla Firefox\\firefox.exe" "--marionette" "--remote-debugging-port" "61843" "-no-remote" "-profile" "C:\\WINDOWS\\TEMP\\rust_mozprofile3T30wi"
1639634168926	mozrunner::runner	INFO	Running command: "C:\\Program Files (x86)\\Mozilla Firefox\\firefox.exe" "--marionette" "--remote-debugging-port" "61108" "-no-remote" "-profile" "C:\\WINDOWS\\TEMP\\rust_mozprofileZRT5gJ"
1639634168943	mozrunner::runner	INFO	Running command: "C:\\Program Files (x86)\\Mozilla Firefox\\firefox.exe" "--marionette" "--remote-debugging-port" "59582" "-no-remote" "-profile" "C:\\WINDOWS\\TEMP\\rust_mozprofile0hfsvq"
1639634172768	Marionette	INFO	Marionette enabled1
639634172770	Marionette	INFO	Marionette enabled
1639634172863	Marionette	INFO	Marionette enabled
[[GFX1-]:G Rc[AFNXG1LG-E]F(Xn:1o - R]cc:oAm NRpGcoLAsENi(GtnLooEr ( nwo ccionmdpoows)
ompositor [wGiFXn1d-o]:w )Fa
iled to connect WebRenderBridgeChild.
[GFX1-]: Failed to connect WebRenderBridgeChild.
itor window)
[[GGFX1-]: Fallback WR to SW-WR + D3D11
FX1-]: Fallback WR to SW[GFX1-]: Failed to connect WebRenderBridgeChild.
[GFX1-]: Fallback WR to SW-WR + D3D11
-WR + D3D11
[[GFX1-]: [DG3D11F] create sX1-]: [D3D11] create swap chain failed: 0x887a0022, 0
[GFX1-]: Failed to initialize CompositorD3D11 for SWGL: FEATURE_FAILURE_D3D[11_SWAGP_CHFAXI1N-]
: [D3D11] create swap chain failed: 0x887a0022, 0
[GFX1-]: Failed to initialize CompositorD3D11 for SWGL: FEwAaTpU RcEh_aFiAnI LfURaEi_lDe3dD:1 10_xS887a00W2A2P,_ C0HA
I[NGF
X1-]: Failed to initialize CompositorD3D11 for SWGL: FEATURE_FAILURE_D3D11_SWAP_CHAIN
cccooonnnssosoollelee...wwawaarrnrnn:: : SS eeSaearcrahrcShceSthetStietntigtnsgi:sn :g"s g:"e gte":tg eN:ot  :Ns oe Nttsoie nstgste itfitnlgie sne gxfsis itlfsei,l  een xeeiw xsptirssof,ti sln,ee ?nw"e  wp( rnopefrwio flNoeit?lF"eo? u"(nn d(eEwnrr eowNr(o "NtCFoootuulFndod uEnnordtrE ororrpo(er"n(C o"tuhCeol dufl ilnde o tnao tto p eopCenn t :th\he\ eWf iifnildelo ew asat\t \C T:emp\\\ru\sWtin_mdoowzsp\r\Toefimlpe\\0hrufsstvq_m\o\zsepraorfchil.ejZsRoTn5.gmoJ\z\lsze4a"r,c h(.vjosiodn .0m)o)z)lz
4", (Cv:o\i\dW i0n)d)o)ws
\\Temp\\rust_mozprofile3T30wi\\search.json.mozlz4", (void 0)))
console.error: Region.jsm: "Error fetching region" (new Error("TIMEOUT", "resource://gre/modules/Region.jsm", 772))
console.error: Region.jsm: "Failed to fetch region" (new Error("TIMEOUT", "resource://gre/modules/Region.jsm", 419))
console.error: Region.jsm: "Error fetching region" (new Error("TIMEOUT", "resource://gre/modules/Region.jsm", 772))
console.error: Region.jsm: "Failed to fetch region" (new Error("TIMEOUT", "resource://gre/modules/Region.jsm", 419))
console.error: Region.jsm: "Error fetching region" (new Error("TIMEOUT", "resource://gre/modules/Region.jsm", 772))
console.error: Region.jsm: "Failed to fetch region" (new Error("TIMEOUT", "resource://gre/modules/Region.jsm", 419))
[GFX1-]: [D3D11] create swap chain failed: 0x887a0022, 0
[GFX1-]: Failed to initialize CompositorD3D11 for SWGL: FEATURE_FAILURE_D3D11_SWAP_CHAIN
[GFX1-]: [D3D11] create swap chain failed: 0x887a0022, 0
[GFX1-]: [D3D11] create swap chain failed: 0x887a0022, 0
[GFX1-]: Failed to initialize CompositorD3D11 for SWGL: FEATURE_FAILURE_D3D11_SWAP_CHAIN
[GFX1-]: Failed to initialize CompositorD3D11 for SWGL: FEATURE_FAILURE_D3D11_SWAP_CHAIN
DevTools listening on ws://localhost:61108/devtools/browser/548d5cd2-3a49-4162-adbb-9ac461ab32cd
DevTools listening on ws://localhost:59582/devtools/browser/1e39385a-7eff-46fb-99e9-6d3960a362e0
DevTools listening on ws://localhost:61843/devtools/browser/c05833a4-8f6b-4f01-8d90-d0900e13237a
116633963946231432919309	9M0	aMrairoinoentettet	eI	NIFNOF	OL	iLsitsentienngi nogn  opno rpto r5t1 4521642
7
1639634214098	Marionette	INFO	Listening on port 51428
1639634214234	RemoteAgent	WARN	TLS certificate errors will be ignored for this session
1639634214529	RemoteAgent	WARN	TLS certificate errors will be ignored for this session
1639634214649	RemoteAgent	WARN	TLS certificate errors will be ignored for this session
Dec 16, 2021 11:26:54 AM org.openqa.selenium.remote.ProtocolHandshake createSession
INFO: Detected dialect: W3C
Dec 16, 2021 11:26:54 AM org.openqa.selenium.remote.ProtocolHandshake createSession
INFO: Detected dialect: W3C
Dec 16, 2021 11:26:54 AM org.openqa.selenium.remote.ProtocolHandshake createSession
INFO: Detected dialect: W3C
]]></system-err>
  </testcase>
  <testcase name="NavBarTitlevalidate" classname="E2EProject.DemoE2E.ValidateNavBar" time="1.046"/>
  <testcase name="basePageNav[sanju@qa.com, 12345](1)" classname="E2EProject.DemoE2E.HomePage" time="15.405">
    <system-out><![CDATA[[[FirefoxDriver: firefox on WINDOWS (2a25d0b3-9017-4686-a1ac-e35c1d67a02a)] -> xpath: //input[@value='Log In']]
]]></system-out>
    <system-err><![CDATA[Dec 16, 2021 11:27:23 AM org.openqa.selenium.devtools.CdpVersionFinder findNearestMatch
INFO: Found exact CDP implementation for version 85
Dec 16, 2021 11:27:23 AM org.openqa.selenium.devtools.CdpVersionFinder findNearestMatch
INFO: Found exact CDP implementation for version 85
1639634243753	Marionette	INFO	Stopped listening on port 51427
1639634243786	Marionette	INFO	Stopped listening on port 51426
JavaScript error: http://load.sumome.com/, line 1: Error: Loading chunk 4 failed.
(error: https://load.sumo.com/4.0a035390359aab65eb82.js)
[Parent 14844, IPC I/O Parent] WARNING: file /builds/worker/checkouts/gecko/ipc/chromium/src/base/process_util_win.cc:167

###!!! [Child][RunMessage] Error: Channel closing: too late to send/recv, messages will be lost

]]></system-err>
  </testcase>
  <testcase name="basePageNav[sanjaykumar@qa.com, abcde](2)" classname="E2EProject.DemoE2E.HomePage" time="6.601">
    <system-out><![CDATA[[[FirefoxDriver: firefox on WINDOWS (2a25d0b3-9017-4686-a1ac-e35c1d67a02a)] -> xpath: //input[@value='Log In']]
]]></system-out>
  </testcase>
</testsuite>